<?xml version="1.0" encoding="UTF-8"?>
<!-- Generated by org.testng.reporters.JUnitReportReporter -->
<testsuite skipped="0" hostname="kbabko0255pc" name="com.ss.tests.ProductPageElementsTest" tests="9" failures="0" timestamp="01 Feb 2019 16:23:14 GMT" time="119.034" errors="0">
  <testcase name="filterElementsTest" time="10.452" classname="com.ss.tests.ProductPageElementsTest"/>
  <testcase name="commonElementsTest" time="12.258" classname="com.ss.tests.ProductPageElementsTest"/>
  <testcase name="filterElementsTest" time="13.591" classname="com.ss.tests.ProductPageElementsTest"/>
  <testcase name="tableElementsTest" time="9.622" classname="com.ss.tests.ProductPageElementsTest"/>
  <testcase name="commonElementsTest" time="9.626" classname="com.ss.tests.ProductPageElementsTest"/>
  <testcase name="tableElementsTest" time="19.809" classname="com.ss.tests.ProductPageElementsTest"/>
  <testcase name="filterElementsTest" time="14.319" classname="com.ss.tests.ProductPageElementsTest"/>
  <testcase name="tableElementsTest" time="16.167" classname="com.ss.tests.ProductPageElementsTest"/>
  <testcase name="commonElementsTest" time="13.190" classname="com.ss.tests.ProductPageElementsTest"/>
</testsuite> <!-- com.ss.tests.ProductPageElementsTest -->
