<?xml version="1.0" encoding="UTF-8"?>
<!-- Generated by org.testng.reporters.JUnitReportReporter -->
<testsuite skipped="0" hostname="kbabko0255pc" name="com.ss.tests.FilterByPriceTest" tests="1" failures="0" timestamp="01 Feb 2019 16:23:14 GMT" time="13.956" errors="0">
  <testcase name="filterByPriceTest" time="13.956" classname="com.ss.tests.FilterByPriceTest"/>
</testsuite> <!-- com.ss.tests.FilterByPriceTest -->
